<?xml version="1.0" encoding="UTF-8"?>
<!-- Generated by org.testng.reporters.JUnitReportReporter -->
<testsuite hostname="gregor-Inspiron-15-3567" failures="0" tests="1" name="selepractoce.ecomm.PomTest2" time="25.694" errors="0" timestamp="2024-06-18T15:34:33 CEST" skipped="0">
  <testcase classname="selepractoce.ecomm.PomTest2" name="e2eTest" time="25.694"/>
</testsuite> <!-- selepractoce.ecomm.PomTest2 -->
